<?xml version="1.0" encoding="utf-8"?><testsuites name="pytest tests"><testsuite name="pytest" errors="0" failures="0" skipped="1" tests="10" time="1.000" timestamp="2026-06-23T20:17:05.140709+00:00" hostname="runnervm08nci"><testcase classname="nagios.tests.test_e2e" name="test_e2e" time="0.002"><skipped type="pytest.skip" message="Not running E2E tests">/home/runner/work/integrations-core/integrations-core/nagios/tests/test_e2e.py:7: Not running E2E tests</skipped></testcase><testcase classname="nagios.tests.test_nagios.TestEventLogTailer" name="test_line_parser" time="0.025" /><testcase classname="nagios.tests.test_nagios.TestEventLogTailer" name="test_continuous_bulk_parsing" time="0.226" /><testcase classname="nagios.tests.test_nagios.TestEventLogTailer" name="test_recovers_from_deleted_file" time="0.054" /><testcase classname="nagios.tests.test_nagios.TestPerfDataTailer" name="test_service_perfdata" time="0.003" /><testcase classname="nagios.tests.test_nagios.TestPerfDataTailer" name="test_service_perfdata_special_cases" time="0.004" /><testcase classname="nagios.tests.test_nagios.TestPerfDataTailer" name="test_host_perfdata" time="0.002" /><testcase classname="nagios.tests.test_nagios.TestPerfDataTailer" name="test_alt_service_perfdata" time="0.003" /><testcase classname="nagios.tests.test_nagios.TestPerfDataTailer" name="test_alt_host_perfdata" time="0.002" /><testcase classname="nagios.tests.test_unit" name="test_centreon_event_logs" time="0.002" /></testsuite></testsuites>